<?xml version="1.0" encoding="UTF-8"?>
<!-- Generated by org.testng.reporters.JUnitXMLReporter -->
<testsuite ignored="0" hostname="DESKTOP-DETOOKK" failures="0" tests="4" name="Regression suite 1" time="0.039" errors="0" timestamp="2025-03-24T09:38:40 ICT">
  <testcase classname="fpoly.TestCase1" name="testCase1Method1" time="0.008"/>
  <testcase classname="fpoly.TestCase1" name="testCase1Method2" time="0.0"/>
  <testcase classname="fpoly.TestCase2" name="testCase2Method1" time="0.002"/>
  <testcase classname="fpoly.TestCase2" name="testCase2Method2" time="0.0"/>
</testsuite> <!-- Regression suite 1 -->
