<?xml version="1.0" encoding="UTF-8"?>
<testng-results ignored="3" total="4" passed="1" failed="0" skipped="0">
  <reporter-output>
  </reporter-output>
  <suite started-at="2025-03-24T09:48:18 ICT" name="Group Suite" finished-at="2025-03-24T09:48:18 ICT" duration-ms="30">
    <groups>
      <group name="group2">
        <method signature="GroupTestExample.test3()[pri:0, instance:fpoly.GroupTestExample@5be6e01c]" name="test3" class="fpoly.GroupTestExample"/>
      </group> <!-- group2 -->
    </groups>
    <test started-at="2025-03-24T09:48:18 ICT" name="test group" finished-at="2025-03-24T09:48:18 ICT" duration-ms="30">
      <class name="fpoly.GroupTestExample">
        <test-method signature="test3()[pri:0, instance:fpoly.GroupTestExample@5be6e01c]" started-at="2025-03-24T09:48:18 ICT" name="test3" finished-at="2025-03-24T09:48:18 ICT" duration-ms="7" status="PASS">
          <reporter-output>
          </reporter-output>
        </test-method> <!-- test3 -->
      </class> <!-- fpoly.GroupTestExample -->
    </test> <!-- test group -->
  </suite> <!-- Group Suite -->
</testng-results>
