<?xml version="1.0" encoding="UTF-8"?>
<!-- Generated by org.testng.reporters.JUnitXMLReporter -->
<testsuite ignored="3" hostname="DESKTOP-DETOOKK" failures="0" tests="1" name="test group" time="0.03" errors="0" timestamp="2025-03-24T09:48:18 ICT">
  <testcase classname="fpoly.GroupTestExample" name="test3" time="0.007"/>
  <testcase classname="fpoly.GroupTestExample" name="test4" time="0.0">
    <ignored/>
  </testcase> <!-- test4 -->
  <testcase classname="fpoly.GroupTestExample" name="test2" time="0.0">
    <ignored/>
  </testcase> <!-- test2 -->
  <testcase classname="fpoly.GroupTestExample" name="test1" time="0.0">
    <ignored/>
  </testcase> <!-- test1 -->
</testsuite> <!-- test group -->
